Determining if the pthread_create exist failed with the following output:
Change Dir: /home/christian/BachelorThesis/workspace/cs_merge_controller/build/CMakeFiles/CMakeTmp

Run Build Command:/usr/bin/make "cmTryCompileExec175939153/fast"
make[1]: Verzeichnis »/home/christian/BachelorThesis/workspace/cs_merge_controller/build/CMakeFiles/CMakeTmp« wird betreten
/usr/bin/make -f CMakeFiles/cmTryCompileExec175939153.dir/build.make CMakeFiles/cmTryCompileExec175939153.dir/build
make[2]: Verzeichnis »/home/christian/BachelorThesis/workspace/cs_merge_controller/build/CMakeFiles/CMakeTmp« wird betreten
/usr/bin/cmake -E cmake_progress_report /home/christian/BachelorThesis/workspace/cs_merge_controller/build/CMakeFiles/CMakeTmp/CMakeFiles 1
Building C object CMakeFiles/cmTryCompileExec175939153.dir/CheckSymbolExists.c.o
/usr/bin/cc    -o CMakeFiles/cmTryCompileExec175939153.dir/CheckSymbolExists.c.o   -c /home/christian/BachelorThesis/workspace/cs_merge_controller/build/CMakeFiles/CMakeTmp/CheckSymbolExists.c
Linking C executable cmTryCompileExec175939153
/usr/bin/cmake -E cmake_link_script CMakeFiles/cmTryCompileExec175939153.dir/link.txt --verbose=1
/usr/bin/cc       CMakeFiles/cmTryCompileExec175939153.dir/CheckSymbolExists.c.o  -o cmTryCompileExec175939153 -rdynamic 
CMakeFiles/cmTryCompileExec175939153.dir/CheckSymbolExists.c.o: In Funktion `main':
CheckSymbolExists.c:(.text+0x16): Nicht definierter Verweis auf `pthread_create'
collect2: error: ld returned 1 exit status
make[2]: *** [cmTryCompileExec175939153] Fehler 1
make[2]: Verzeichnis »/home/christian/BachelorThesis/workspace/cs_merge_controller/build/CMakeFiles/CMakeTmp« wird verlassen
make[1]: *** [cmTryCompileExec175939153/fast] Fehler 2
make[1]: Verzeichnis »/home/christian/BachelorThesis/workspace/cs_merge_controller/build/CMakeFiles/CMakeTmp« wird verlassen

File /home/christian/BachelorThesis/workspace/cs_merge_controller/build/CMakeFiles/CMakeTmp/CheckSymbolExists.c:
/* */
#include <pthread.h>

int main(int argc, char** argv)
{
  (void)argv;
#ifndef pthread_create
  return ((int*)(&pthread_create))[argc];
#else
  (void)argc;
  return 0;
#endif
}

Determining if the function pthread_create exists in the pthreads failed with the following output:
Change Dir: /home/christian/BachelorThesis/workspace/cs_merge_controller/build/CMakeFiles/CMakeTmp

Run Build Command:/usr/bin/make "cmTryCompileExec816184908/fast"
make[1]: Verzeichnis »/home/christian/BachelorThesis/workspace/cs_merge_controller/build/CMakeFiles/CMakeTmp« wird betreten
/usr/bin/make -f CMakeFiles/cmTryCompileExec816184908.dir/build.make CMakeFiles/cmTryCompileExec816184908.dir/build
make[2]: Verzeichnis »/home/christian/BachelorThesis/workspace/cs_merge_controller/build/CMakeFiles/CMakeTmp« wird betreten
/usr/bin/cmake -E cmake_progress_report /home/christian/BachelorThesis/workspace/cs_merge_controller/build/CMakeFiles/CMakeTmp/CMakeFiles 1
Building C object CMakeFiles/cmTryCompileExec816184908.dir/CheckFunctionExists.c.o
/usr/bin/cc   -DCHECK_FUNCTION_EXISTS=pthread_create   -o CMakeFiles/cmTryCompileExec816184908.dir/CheckFunctionExists.c.o   -c /usr/share/cmake-2.8/Modules/CheckFunctionExists.c
Linking C executable cmTryCompileExec816184908
/usr/bin/cmake -E cmake_link_script CMakeFiles/cmTryCompileExec816184908.dir/link.txt --verbose=1
/usr/bin/cc   -DCHECK_FUNCTION_EXISTS=pthread_create    CMakeFiles/cmTryCompileExec816184908.dir/CheckFunctionExists.c.o  -o cmTryCompileExec816184908 -rdynamic -lpthreads 
/usr/bin/ld: cannot find -lpthreads
collect2: error: ld returned 1 exit status
make[2]: *** [cmTryCompileExec816184908] Fehler 1
make[2]: Verzeichnis »/home/christian/BachelorThesis/workspace/cs_merge_controller/build/CMakeFiles/CMakeTmp« wird verlassen
make[1]: *** [cmTryCompileExec816184908/fast] Fehler 2
make[1]: Verzeichnis »/home/christian/BachelorThesis/workspace/cs_merge_controller/build/CMakeFiles/CMakeTmp« wird verlassen


Determining if the pthread_create exist failed with the following output:
Change Dir: /home/christian/BachelorThesis/workspace/cs_merge/cs_merge_controller/build/CMakeFiles/CMakeTmp

Run Build Command:/usr/bin/make "cmTryCompileExec1874494237/fast"
make[1]: Verzeichnis »/home/christian/BachelorThesis/workspace/cs_merge/cs_merge_controller/build/CMakeFiles/CMakeTmp« wird betreten
/usr/bin/make -f CMakeFiles/cmTryCompileExec1874494237.dir/build.make CMakeFiles/cmTryCompileExec1874494237.dir/build
make[2]: Verzeichnis »/home/christian/BachelorThesis/workspace/cs_merge/cs_merge_controller/build/CMakeFiles/CMakeTmp« wird betreten
/usr/bin/cmake -E cmake_progress_report /home/christian/BachelorThesis/workspace/cs_merge/cs_merge_controller/build/CMakeFiles/CMakeTmp/CMakeFiles 1
Building C object CMakeFiles/cmTryCompileExec1874494237.dir/CheckSymbolExists.c.o
/usr/bin/cc    -o CMakeFiles/cmTryCompileExec1874494237.dir/CheckSymbolExists.c.o   -c /home/christian/BachelorThesis/workspace/cs_merge/cs_merge_controller/build/CMakeFiles/CMakeTmp/CheckSymbolExists.c
Linking C executable cmTryCompileExec1874494237
/usr/bin/cmake -E cmake_link_script CMakeFiles/cmTryCompileExec1874494237.dir/link.txt --verbose=1
/usr/bin/cc       CMakeFiles/cmTryCompileExec1874494237.dir/CheckSymbolExists.c.o  -o cmTryCompileExec1874494237 -rdynamic 
CMakeFiles/cmTryCompileExec1874494237.dir/CheckSymbolExists.c.o: In Funktion `main':
CheckSymbolExists.c:(.text+0x16): Nicht definierter Verweis auf `pthread_create'
collect2: error: ld returned 1 exit status
make[2]: *** [cmTryCompileExec1874494237] Fehler 1
make[2]: Verzeichnis »/home/christian/BachelorThesis/workspace/cs_merge/cs_merge_controller/build/CMakeFiles/CMakeTmp« wird verlassen
make[1]: Verzeichnis »/home/christian/BachelorThesis/workspace/cs_merge/cs_merge_controller/build/CMakeFiles/CMakeTmp« wird verlassen
make[1]: *** [cmTryCompileExec1874494237/fast] Fehler 2

File /home/christian/BachelorThesis/workspace/cs_merge/cs_merge_controller/build/CMakeFiles/CMakeTmp/CheckSymbolExists.c:
/* */
#include <pthread.h>

int main(int argc, char** argv)
{
  (void)argv;
#ifndef pthread_create
  return ((int*)(&pthread_create))[argc];
#else
  (void)argc;
  return 0;
#endif
}

Determining if the function pthread_create exists in the pthreads failed with the following output:
Change Dir: /home/christian/BachelorThesis/workspace/cs_merge/cs_merge_controller/build/CMakeFiles/CMakeTmp

Run Build Command:/usr/bin/make "cmTryCompileExec1228994330/fast"
make[1]: Verzeichnis »/home/christian/BachelorThesis/workspace/cs_merge/cs_merge_controller/build/CMakeFiles/CMakeTmp« wird betreten
/usr/bin/make -f CMakeFiles/cmTryCompileExec1228994330.dir/build.make CMakeFiles/cmTryCompileExec1228994330.dir/build
make[2]: Verzeichnis »/home/christian/BachelorThesis/workspace/cs_merge/cs_merge_controller/build/CMakeFiles/CMakeTmp« wird betreten
/usr/bin/cmake -E cmake_progress_report /home/christian/BachelorThesis/workspace/cs_merge/cs_merge_controller/build/CMakeFiles/CMakeTmp/CMakeFiles 1
Building C object CMakeFiles/cmTryCompileExec1228994330.dir/CheckFunctionExists.c.o
/usr/bin/cc   -DCHECK_FUNCTION_EXISTS=pthread_create   -o CMakeFiles/cmTryCompileExec1228994330.dir/CheckFunctionExists.c.o   -c /usr/share/cmake-2.8/Modules/CheckFunctionExists.c
Linking C executable cmTryCompileExec1228994330
/usr/bin/cmake -E cmake_link_script CMakeFiles/cmTryCompileExec1228994330.dir/link.txt --verbose=1
/usr/bin/cc   -DCHECK_FUNCTION_EXISTS=pthread_create    CMakeFiles/cmTryCompileExec1228994330.dir/CheckFunctionExists.c.o  -o cmTryCompileExec1228994330 -rdynamic -lpthreads 
/usr/bin/ld: cannot find -lpthreads
collect2: error: ld returned 1 exit status
make[2]: Verzeichnis »/home/christian/BachelorThesis/workspace/cs_merge/cs_merge_controller/build/CMakeFiles/CMakeTmp« wird verlassen
make[2]: *** [cmTryCompileExec1228994330] Fehler 1
make[1]: Verzeichnis »/home/christian/BachelorThesis/workspace/cs_merge/cs_merge_controller/build/CMakeFiles/CMakeTmp« wird verlassen
make[1]: *** [cmTryCompileExec1228994330/fast] Fehler 2


Determining if the function pthread_create exists in the pthreads failed with the following output:
Change Dir: /home/apollon/robotino_workspace/hydro/cs_merge/cs_merge_controller/build/CMakeFiles/CMakeTmp

Run Build Command:/usr/bin/make "cmTryCompileExec/fast"
make[1]: Entering directory `/home/apollon/robotino_workspace/hydro/cs_merge/cs_merge_controller/build/CMakeFiles/CMakeTmp'
/usr/bin/make -f CMakeFiles/cmTryCompileExec.dir/build.make CMakeFiles/cmTryCompileExec.dir/build
make[2]: Entering directory `/home/apollon/robotino_workspace/hydro/cs_merge/cs_merge_controller/build/CMakeFiles/CMakeTmp'
/usr/bin/cmake -E cmake_progress_report /home/apollon/robotino_workspace/hydro/cs_merge/cs_merge_controller/build/CMakeFiles/CMakeTmp/CMakeFiles 1
Building C object CMakeFiles/cmTryCompileExec.dir/CheckFunctionExists.c.o
/usr/bin/gcc   -DCHECK_FUNCTION_EXISTS=pthread_create   -o CMakeFiles/cmTryCompileExec.dir/CheckFunctionExists.c.o   -c /usr/share/cmake-2.8/Modules/CheckFunctionExists.c
Linking C executable cmTryCompileExec
/usr/bin/cmake -E cmake_link_script CMakeFiles/cmTryCompileExec.dir/link.txt --verbose=1
/usr/bin/gcc     -DCHECK_FUNCTION_EXISTS=pthread_create    CMakeFiles/cmTryCompileExec.dir/CheckFunctionExists.c.o  -o cmTryCompileExec -rdynamic -lpthreads 
/usr/bin/ld: cannot find -lpthreads
collect2: ld returned 1 exit status
make[2]: *** [cmTryCompileExec] Error 1
make[2]: Leaving directory `/home/apollon/robotino_workspace/hydro/cs_merge/cs_merge_controller/build/CMakeFiles/CMakeTmp'
make[1]: *** [cmTryCompileExec/fast] Error 2
make[1]: Leaving directory `/home/apollon/robotino_workspace/hydro/cs_merge/cs_merge_controller/build/CMakeFiles/CMakeTmp'


Determining if the function pthread_create exists in the pthreads failed with the following output:
Change Dir: /home/apollon/robotino_workspace/hydro/cs_merge/cs_merge_controller/build/CMakeFiles/CMakeTmp

Run Build Command:/usr/bin/make "cmTryCompileExec/fast"
make[1]: Entering directory `/home/apollon/robotino_workspace/hydro/cs_merge/cs_merge_controller/build/CMakeFiles/CMakeTmp'
/usr/bin/make -f CMakeFiles/cmTryCompileExec.dir/build.make CMakeFiles/cmTryCompileExec.dir/build
make[2]: Entering directory `/home/apollon/robotino_workspace/hydro/cs_merge/cs_merge_controller/build/CMakeFiles/CMakeTmp'
/usr/bin/cmake -E cmake_progress_report /home/apollon/robotino_workspace/hydro/cs_merge/cs_merge_controller/build/CMakeFiles/CMakeTmp/CMakeFiles 1
Building C object CMakeFiles/cmTryCompileExec.dir/CheckFunctionExists.c.o
/usr/bin/gcc   -DCHECK_FUNCTION_EXISTS=pthread_create   -o CMakeFiles/cmTryCompileExec.dir/CheckFunctionExists.c.o   -c /usr/share/cmake-2.8/Modules/CheckFunctionExists.c
Linking C executable cmTryCompileExec
/usr/bin/cmake -E cmake_link_script CMakeFiles/cmTryCompileExec.dir/link.txt --verbose=1
/usr/bin/gcc     -DCHECK_FUNCTION_EXISTS=pthread_create    CMakeFiles/cmTryCompileExec.dir/CheckFunctionExists.c.o  -o cmTryCompileExec -rdynamic -lpthreads 
/usr/bin/ld: cannot find -lpthreads
collect2: ld returned 1 exit status
make[2]: *** [cmTryCompileExec] Error 1
make[2]: Leaving directory `/home/apollon/robotino_workspace/hydro/cs_merge/cs_merge_controller/build/CMakeFiles/CMakeTmp'
make[1]: *** [cmTryCompileExec/fast] Error 2
make[1]: Leaving directory `/home/apollon/robotino_workspace/hydro/cs_merge/cs_merge_controller/build/CMakeFiles/CMakeTmp'


Determining if the pthread_create exist failed with the following output:
Change Dir: /home/christian/BachelorThesis/workspace/cs_merge/cs_merge_controller/build/CMakeFiles/CMakeTmp

Run Build Command:/usr/bin/make "cmTryCompileExec271366518/fast"
make[1]: Verzeichnis »/home/christian/BachelorThesis/workspace/cs_merge/cs_merge_controller/build/CMakeFiles/CMakeTmp« wird betreten
/usr/bin/make -f CMakeFiles/cmTryCompileExec271366518.dir/build.make CMakeFiles/cmTryCompileExec271366518.dir/build
make[2]: Verzeichnis »/home/christian/BachelorThesis/workspace/cs_merge/cs_merge_controller/build/CMakeFiles/CMakeTmp« wird betreten
/usr/bin/cmake -E cmake_progress_report /home/christian/BachelorThesis/workspace/cs_merge/cs_merge_controller/build/CMakeFiles/CMakeTmp/CMakeFiles 1
Building C object CMakeFiles/cmTryCompileExec271366518.dir/CheckSymbolExists.c.o
/usr/bin/cc    -o CMakeFiles/cmTryCompileExec271366518.dir/CheckSymbolExists.c.o   -c /home/christian/BachelorThesis/workspace/cs_merge/cs_merge_controller/build/CMakeFiles/CMakeTmp/CheckSymbolExists.c
Linking C executable cmTryCompileExec271366518
/usr/bin/cmake -E cmake_link_script CMakeFiles/cmTryCompileExec271366518.dir/link.txt --verbose=1
/usr/bin/cc       CMakeFiles/cmTryCompileExec271366518.dir/CheckSymbolExists.c.o  -o cmTryCompileExec271366518 -rdynamic 
CMakeFiles/cmTryCompileExec271366518.dir/CheckSymbolExists.c.o: In Funktion `main':
CheckSymbolExists.c:(.text+0x16): Nicht definierter Verweis auf `pthread_create'
collect2: error: ld returned 1 exit status
make[2]: Verzeichnis »/home/christian/BachelorThesis/workspace/cs_merge/cs_merge_controller/build/CMakeFiles/CMakeTmp« wird verlassen
make[2]: *** [cmTryCompileExec271366518] Fehler 1
make[1]: *** [cmTryCompileExec271366518/fast] Fehler 2
make[1]: Verzeichnis »/home/christian/BachelorThesis/workspace/cs_merge/cs_merge_controller/build/CMakeFiles/CMakeTmp« wird verlassen

File /home/christian/BachelorThesis/workspace/cs_merge/cs_merge_controller/build/CMakeFiles/CMakeTmp/CheckSymbolExists.c:
/* */
#include <pthread.h>

int main(int argc, char** argv)
{
  (void)argv;
#ifndef pthread_create
  return ((int*)(&pthread_create))[argc];
#else
  (void)argc;
  return 0;
#endif
}

Determining if the function pthread_create exists in the pthreads failed with the following output:
Change Dir: /home/christian/BachelorThesis/workspace/cs_merge/cs_merge_controller/build/CMakeFiles/CMakeTmp

Run Build Command:/usr/bin/make "cmTryCompileExec2815003465/fast"
make[1]: Verzeichnis »/home/christian/BachelorThesis/workspace/cs_merge/cs_merge_controller/build/CMakeFiles/CMakeTmp« wird betreten
/usr/bin/make -f CMakeFiles/cmTryCompileExec2815003465.dir/build.make CMakeFiles/cmTryCompileExec2815003465.dir/build
make[2]: Verzeichnis »/home/christian/BachelorThesis/workspace/cs_merge/cs_merge_controller/build/CMakeFiles/CMakeTmp« wird betreten
/usr/bin/cmake -E cmake_progress_report /home/christian/BachelorThesis/workspace/cs_merge/cs_merge_controller/build/CMakeFiles/CMakeTmp/CMakeFiles 1
Building C object CMakeFiles/cmTryCompileExec2815003465.dir/CheckFunctionExists.c.o
/usr/bin/cc   -DCHECK_FUNCTION_EXISTS=pthread_create   -o CMakeFiles/cmTryCompileExec2815003465.dir/CheckFunctionExists.c.o   -c /usr/share/cmake-2.8/Modules/CheckFunctionExists.c
Linking C executable cmTryCompileExec2815003465
/usr/bin/cmake -E cmake_link_script CMakeFiles/cmTryCompileExec2815003465.dir/link.txt --verbose=1
/usr/bin/cc   -DCHECK_FUNCTION_EXISTS=pthread_create    CMakeFiles/cmTryCompileExec2815003465.dir/CheckFunctionExists.c.o  -o cmTryCompileExec2815003465 -rdynamic -lpthreads 
/usr/bin/ld: cannot find -lpthreads
collect2: error: ld returned 1 exit status
make[2]: Verzeichnis »/home/christian/BachelorThesis/workspace/cs_merge/cs_merge_controller/build/CMakeFiles/CMakeTmp« wird verlassen
make[2]: *** [cmTryCompileExec2815003465] Fehler 1
make[1]: *** [cmTryCompileExec2815003465/fast] Fehler 2
make[1]: Verzeichnis »/home/christian/BachelorThesis/workspace/cs_merge/cs_merge_controller/build/CMakeFiles/CMakeTmp« wird verlassen


Determining if the function pthread_create exists in the pthreads failed with the following output:
Change Dir: /home/apollon/robotino_workspace/hydro/cs_merge/cs_merge_controller/build/CMakeFiles/CMakeTmp

Run Build Command:/usr/bin/make "cmTryCompileExec/fast"
make[1]: Entering directory `/home/apollon/robotino_workspace/hydro/cs_merge/cs_merge_controller/build/CMakeFiles/CMakeTmp'
/usr/bin/make -f CMakeFiles/cmTryCompileExec.dir/build.make CMakeFiles/cmTryCompileExec.dir/build
make[2]: Entering directory `/home/apollon/robotino_workspace/hydro/cs_merge/cs_merge_controller/build/CMakeFiles/CMakeTmp'
/usr/bin/cmake -E cmake_progress_report /home/apollon/robotino_workspace/hydro/cs_merge/cs_merge_controller/build/CMakeFiles/CMakeTmp/CMakeFiles 1
Building C object CMakeFiles/cmTryCompileExec.dir/CheckFunctionExists.c.o
/usr/bin/gcc   -DCHECK_FUNCTION_EXISTS=pthread_create   -o CMakeFiles/cmTryCompileExec.dir/CheckFunctionExists.c.o   -c /usr/share/cmake-2.8/Modules/CheckFunctionExists.c
Linking C executable cmTryCompileExec
/usr/bin/cmake -E cmake_link_script CMakeFiles/cmTryCompileExec.dir/link.txt --verbose=1
/usr/bin/gcc     -DCHECK_FUNCTION_EXISTS=pthread_create    CMakeFiles/cmTryCompileExec.dir/CheckFunctionExists.c.o  -o cmTryCompileExec -rdynamic -lpthreads 
/usr/bin/ld: cannot find -lpthreads
collect2: ld returned 1 exit status
make[2]: *** [cmTryCompileExec] Error 1
make[2]: Leaving directory `/home/apollon/robotino_workspace/hydro/cs_merge/cs_merge_controller/build/CMakeFiles/CMakeTmp'
make[1]: *** [cmTryCompileExec/fast] Error 2
make[1]: Leaving directory `/home/apollon/robotino_workspace/hydro/cs_merge/cs_merge_controller/build/CMakeFiles/CMakeTmp'


Determining if the pthread_create exist failed with the following output:
Change Dir: /home/christian/BachelorThesis/workspace/cs_merge/cs_merge_controller/build/CMakeFiles/CMakeTmp

Run Build Command:/usr/bin/make "cmTryCompileExec946893991/fast"
make[1]: Verzeichnis »/home/christian/BachelorThesis/workspace/cs_merge/cs_merge_controller/build/CMakeFiles/CMakeTmp« wird betreten
/usr/bin/make -f CMakeFiles/cmTryCompileExec946893991.dir/build.make CMakeFiles/cmTryCompileExec946893991.dir/build
make[2]: Verzeichnis »/home/christian/BachelorThesis/workspace/cs_merge/cs_merge_controller/build/CMakeFiles/CMakeTmp« wird betreten
/usr/bin/cmake -E cmake_progress_report /home/christian/BachelorThesis/workspace/cs_merge/cs_merge_controller/build/CMakeFiles/CMakeTmp/CMakeFiles 1
Building C object CMakeFiles/cmTryCompileExec946893991.dir/CheckSymbolExists.c.o
/usr/bin/cc    -o CMakeFiles/cmTryCompileExec946893991.dir/CheckSymbolExists.c.o   -c /home/christian/BachelorThesis/workspace/cs_merge/cs_merge_controller/build/CMakeFiles/CMakeTmp/CheckSymbolExists.c
Linking C executable cmTryCompileExec946893991
/usr/bin/cmake -E cmake_link_script CMakeFiles/cmTryCompileExec946893991.dir/link.txt --verbose=1
/usr/bin/cc       CMakeFiles/cmTryCompileExec946893991.dir/CheckSymbolExists.c.o  -o cmTryCompileExec946893991 -rdynamic 
CMakeFiles/cmTryCompileExec946893991.dir/CheckSymbolExists.c.o: In Funktion `main':
CheckSymbolExists.c:(.text+0x16): Nicht definierter Verweis auf `pthread_create'
collect2: error: ld returned 1 exit status
make[2]: Verzeichnis »/home/christian/BachelorThesis/workspace/cs_merge/cs_merge_controller/build/CMakeFiles/CMakeTmp« wird verlassen
make[2]: *** [cmTryCompileExec946893991] Fehler 1
make[1]: *** [cmTryCompileExec946893991/fast] Fehler 2
make[1]: Verzeichnis »/home/christian/BachelorThesis/workspace/cs_merge/cs_merge_controller/build/CMakeFiles/CMakeTmp« wird verlassen

File /home/christian/BachelorThesis/workspace/cs_merge/cs_merge_controller/build/CMakeFiles/CMakeTmp/CheckSymbolExists.c:
/* */
#include <pthread.h>

int main(int argc, char** argv)
{
  (void)argv;
#ifndef pthread_create
  return ((int*)(&pthread_create))[argc];
#else
  (void)argc;
  return 0;
#endif
}

Determining if the function pthread_create exists in the pthreads failed with the following output:
Change Dir: /home/christian/BachelorThesis/workspace/cs_merge/cs_merge_controller/build/CMakeFiles/CMakeTmp

Run Build Command:/usr/bin/make "cmTryCompileExec2983471185/fast"
make[1]: Verzeichnis »/home/christian/BachelorThesis/workspace/cs_merge/cs_merge_controller/build/CMakeFiles/CMakeTmp« wird betreten
/usr/bin/make -f CMakeFiles/cmTryCompileExec2983471185.dir/build.make CMakeFiles/cmTryCompileExec2983471185.dir/build
make[2]: Verzeichnis »/home/christian/BachelorThesis/workspace/cs_merge/cs_merge_controller/build/CMakeFiles/CMakeTmp« wird betreten
/usr/bin/cmake -E cmake_progress_report /home/christian/BachelorThesis/workspace/cs_merge/cs_merge_controller/build/CMakeFiles/CMakeTmp/CMakeFiles 1
Building C object CMakeFiles/cmTryCompileExec2983471185.dir/CheckFunctionExists.c.o
/usr/bin/cc   -DCHECK_FUNCTION_EXISTS=pthread_create   -o CMakeFiles/cmTryCompileExec2983471185.dir/CheckFunctionExists.c.o   -c /usr/share/cmake-2.8/Modules/CheckFunctionExists.c
Linking C executable cmTryCompileExec2983471185
/usr/bin/cmake -E cmake_link_script CMakeFiles/cmTryCompileExec2983471185.dir/link.txt --verbose=1
/usr/bin/cc   -DCHECK_FUNCTION_EXISTS=pthread_create    CMakeFiles/cmTryCompileExec2983471185.dir/CheckFunctionExists.c.o  -o cmTryCompileExec2983471185 -rdynamic -lpthreads 
/usr/bin/ld: cannot find -lpthreads
collect2: error: ld returned 1 exit status
make[2]: Verzeichnis »/home/christian/BachelorThesis/workspace/cs_merge/cs_merge_controller/build/CMakeFiles/CMakeTmp« wird verlassen
make[2]: *** [cmTryCompileExec2983471185] Fehler 1
make[1]: Verzeichnis »/home/christian/BachelorThesis/workspace/cs_merge/cs_merge_controller/build/CMakeFiles/CMakeTmp« wird verlassen
make[1]: *** [cmTryCompileExec2983471185/fast] Fehler 2


Determining if the function pthread_create exists in the pthreads failed with the following output:
Change Dir: /home/apollon/robotino_workspace/hydro/cs_merge/cs_merge_controller/build/CMakeFiles/CMakeTmp

Run Build Command:/usr/bin/make "cmTryCompileExec/fast"
make[1]: Entering directory `/home/apollon/robotino_workspace/hydro/cs_merge/cs_merge_controller/build/CMakeFiles/CMakeTmp'
/usr/bin/make -f CMakeFiles/cmTryCompileExec.dir/build.make CMakeFiles/cmTryCompileExec.dir/build
make[2]: Entering directory `/home/apollon/robotino_workspace/hydro/cs_merge/cs_merge_controller/build/CMakeFiles/CMakeTmp'
/usr/bin/cmake -E cmake_progress_report /home/apollon/robotino_workspace/hydro/cs_merge/cs_merge_controller/build/CMakeFiles/CMakeTmp/CMakeFiles 1
Building C object CMakeFiles/cmTryCompileExec.dir/CheckFunctionExists.c.o
/usr/bin/gcc   -DCHECK_FUNCTION_EXISTS=pthread_create   -o CMakeFiles/cmTryCompileExec.dir/CheckFunctionExists.c.o   -c /usr/share/cmake-2.8/Modules/CheckFunctionExists.c
Linking C executable cmTryCompileExec
/usr/bin/cmake -E cmake_link_script CMakeFiles/cmTryCompileExec.dir/link.txt --verbose=1
/usr/bin/gcc     -DCHECK_FUNCTION_EXISTS=pthread_create    CMakeFiles/cmTryCompileExec.dir/CheckFunctionExists.c.o  -o cmTryCompileExec -rdynamic -lpthreads 
/usr/bin/ld: cannot find -lpthreads
collect2: ld returned 1 exit status
make[2]: *** [cmTryCompileExec] Error 1
make[2]: Leaving directory `/home/apollon/robotino_workspace/hydro/cs_merge/cs_merge_controller/build/CMakeFiles/CMakeTmp'
make[1]: *** [cmTryCompileExec/fast] Error 2
make[1]: Leaving directory `/home/apollon/robotino_workspace/hydro/cs_merge/cs_merge_controller/build/CMakeFiles/CMakeTmp'


Determining if the function pthread_create exists in the pthreads failed with the following output:
Change Dir: /home/apollon/robotino_workspace/hydro/cs_merge/cs_merge_publisher/build/CMakeFiles/CMakeTmp

Run Build Command:/usr/bin/make "cmTryCompileExec/fast"
make[1]: Entering directory `/home/apollon/robotino_workspace/hydro/cs_merge/cs_merge_publisher/build/CMakeFiles/CMakeTmp'
/usr/bin/make -f CMakeFiles/cmTryCompileExec.dir/build.make CMakeFiles/cmTryCompileExec.dir/build
make[2]: Entering directory `/home/apollon/robotino_workspace/hydro/cs_merge/cs_merge_publisher/build/CMakeFiles/CMakeTmp'
/usr/bin/cmake -E cmake_progress_report /home/apollon/robotino_workspace/hydro/cs_merge/cs_merge_publisher/build/CMakeFiles/CMakeTmp/CMakeFiles 1
Building C object CMakeFiles/cmTryCompileExec.dir/CheckFunctionExists.c.o
/usr/bin/gcc   -DCHECK_FUNCTION_EXISTS=pthread_create   -o CMakeFiles/cmTryCompileExec.dir/CheckFunctionExists.c.o   -c /usr/share/cmake-2.8/Modules/CheckFunctionExists.c
Linking C executable cmTryCompileExec
/usr/bin/cmake -E cmake_link_script CMakeFiles/cmTryCompileExec.dir/link.txt --verbose=1
/usr/bin/gcc     -DCHECK_FUNCTION_EXISTS=pthread_create    CMakeFiles/cmTryCompileExec.dir/CheckFunctionExists.c.o  -o cmTryCompileExec -rdynamic -lpthreads 
/usr/bin/ld: cannot find -lpthreads
collect2: ld returned 1 exit status
make[2]: *** [cmTryCompileExec] Error 1
make[2]: Leaving directory `/home/apollon/robotino_workspace/hydro/cs_merge/cs_merge_publisher/build/CMakeFiles/CMakeTmp'
make[1]: *** [cmTryCompileExec/fast] Error 2
make[1]: Leaving directory `/home/apollon/robotino_workspace/hydro/cs_merge/cs_merge_publisher/build/CMakeFiles/CMakeTmp'


Determining if the pthread_create exist failed with the following output:
Change Dir: /home/christian/BachelorThesis/workspace/cs_merge/cs_merge_publisher/build/CMakeFiles/CMakeTmp

Run Build Command:/usr/bin/make "cmTryCompileExec644386313/fast"
make[1]: Verzeichnis »/home/christian/BachelorThesis/workspace/cs_merge/cs_merge_publisher/build/CMakeFiles/CMakeTmp« wird betreten
/usr/bin/make -f CMakeFiles/cmTryCompileExec644386313.dir/build.make CMakeFiles/cmTryCompileExec644386313.dir/build
make[2]: Verzeichnis »/home/christian/BachelorThesis/workspace/cs_merge/cs_merge_publisher/build/CMakeFiles/CMakeTmp« wird betreten
/usr/bin/cmake -E cmake_progress_report /home/christian/BachelorThesis/workspace/cs_merge/cs_merge_publisher/build/CMakeFiles/CMakeTmp/CMakeFiles 1
Building C object CMakeFiles/cmTryCompileExec644386313.dir/CheckSymbolExists.c.o
/usr/bin/cc    -o CMakeFiles/cmTryCompileExec644386313.dir/CheckSymbolExists.c.o   -c /home/christian/BachelorThesis/workspace/cs_merge/cs_merge_publisher/build/CMakeFiles/CMakeTmp/CheckSymbolExists.c
Linking C executable cmTryCompileExec644386313
/usr/bin/cmake -E cmake_link_script CMakeFiles/cmTryCompileExec644386313.dir/link.txt --verbose=1
/usr/bin/cc       CMakeFiles/cmTryCompileExec644386313.dir/CheckSymbolExists.c.o  -o cmTryCompileExec644386313 -rdynamic 
CMakeFiles/cmTryCompileExec644386313.dir/CheckSymbolExists.c.o: In Funktion `main':
CheckSymbolExists.c:(.text+0x16): Nicht definierter Verweis auf `pthread_create'
collect2: error: ld returned 1 exit status
make[2]: *** [cmTryCompileExec644386313] Fehler 1
make[2]: Verzeichnis »/home/christian/BachelorThesis/workspace/cs_merge/cs_merge_publisher/build/CMakeFiles/CMakeTmp« wird verlassen
make[1]: Verzeichnis »/home/christian/BachelorThesis/workspace/cs_merge/cs_merge_publisher/build/CMakeFiles/CMakeTmp« wird verlassen
make[1]: *** [cmTryCompileExec644386313/fast] Fehler 2

File /home/christian/BachelorThesis/workspace/cs_merge/cs_merge_publisher/build/CMakeFiles/CMakeTmp/CheckSymbolExists.c:
/* */
#include <pthread.h>

int main(int argc, char** argv)
{
  (void)argv;
#ifndef pthread_create
  return ((int*)(&pthread_create))[argc];
#else
  (void)argc;
  return 0;
#endif
}

Determining if the function pthread_create exists in the pthreads failed with the following output:
Change Dir: /home/christian/BachelorThesis/workspace/cs_merge/cs_merge_publisher/build/CMakeFiles/CMakeTmp

Run Build Command:/usr/bin/make "cmTryCompileExec2396238838/fast"
make[1]: Verzeichnis »/home/christian/BachelorThesis/workspace/cs_merge/cs_merge_publisher/build/CMakeFiles/CMakeTmp« wird betreten
/usr/bin/make -f CMakeFiles/cmTryCompileExec2396238838.dir/build.make CMakeFiles/cmTryCompileExec2396238838.dir/build
make[2]: Verzeichnis »/home/christian/BachelorThesis/workspace/cs_merge/cs_merge_publisher/build/CMakeFiles/CMakeTmp« wird betreten
/usr/bin/cmake -E cmake_progress_report /home/christian/BachelorThesis/workspace/cs_merge/cs_merge_publisher/build/CMakeFiles/CMakeTmp/CMakeFiles 1
Building C object CMakeFiles/cmTryCompileExec2396238838.dir/CheckFunctionExists.c.o
/usr/bin/cc   -DCHECK_FUNCTION_EXISTS=pthread_create   -o CMakeFiles/cmTryCompileExec2396238838.dir/CheckFunctionExists.c.o   -c /usr/share/cmake-2.8/Modules/CheckFunctionExists.c
Linking C executable cmTryCompileExec2396238838
/usr/bin/cmake -E cmake_link_script CMakeFiles/cmTryCompileExec2396238838.dir/link.txt --verbose=1
/usr/bin/cc   -DCHECK_FUNCTION_EXISTS=pthread_create    CMakeFiles/cmTryCompileExec2396238838.dir/CheckFunctionExists.c.o  -o cmTryCompileExec2396238838 -rdynamic -lpthreads 
/usr/bin/ld: cannot find -lpthreads
collect2: error: ld returned 1 exit status
make[2]: *** [cmTryCompileExec2396238838] Fehler 1
make[2]: Verzeichnis »/home/christian/BachelorThesis/workspace/cs_merge/cs_merge_publisher/build/CMakeFiles/CMakeTmp« wird verlassen
make[1]: *** [cmTryCompileExec2396238838/fast] Fehler 2
make[1]: Verzeichnis »/home/christian/BachelorThesis/workspace/cs_merge/cs_merge_publisher/build/CMakeFiles/CMakeTmp« wird verlassen


